<?xml version="1.0" encoding="UTF-8"?>
<testsuite name="TimeoutTest" tests="1" skipped="0" failures="0" errors="0" timestamp="2023-01-29T05:56:59" hostname="jeongchansuui-MacBookAir.local" time="1.617">
  <properties/>
  <testcase name="timeout_test" classname="TimeoutTest" time="1.617"/>
  <system-out><![CDATA[]]></system-out>
  <system-err><![CDATA[]]></system-err>
</testsuite>
