<?xml version="1.0" encoding="UTF-8"?>
<testsuite name="AuthenticationTest" tests="1" skipped="0" failures="0" errors="0" timestamp="2023-01-24T07:50:00" hostname="jeongchansuui-MacBookAir.local" time="0.027">
  <properties/>
  <testcase name="noting()" classname="AuthenticationTest" time="0.027"/>
  <system-out><![CDATA[]]></system-out>
  <system-err><![CDATA[]]></system-err>
</testsuite>
